c:\users\jack smurthwaite\desktop\firebrick\firebrick\debug\firebrick.pch
c:\users\jack smurthwaite\desktop\firebrick\firebrick\debug\vc140.pdb
c:\users\jack smurthwaite\desktop\firebrick\firebrick\debug\vc140.idb
c:\users\jack smurthwaite\desktop\firebrick\firebrick\debug\stdafx.obj
c:\users\jack smurthwaite\desktop\firebrick\firebrick\debug\armour.obj
c:\users\jack smurthwaite\desktop\firebrick\firebrick\debug\bless.obj
c:\users\jack smurthwaite\desktop\firebrick\firebrick\debug\card.obj
c:\users\jack smurthwaite\desktop\firebrick\firebrick\debug\fireball.obj
c:\users\jack smurthwaite\desktop\firebrick\firebrick\debug\firebrick.obj
c:\users\jack smurthwaite\desktop\firebrick\firebrick\debug\game.obj
c:\users\jack smurthwaite\desktop\firebrick\firebrick\debug\horde.obj
c:\users\jack smurthwaite\desktop\firebrick\firebrick\debug\leech.obj
c:\users\jack smurthwaite\desktop\firebrick\firebrick\debug\lightning.obj
c:\users\jack smurthwaite\desktop\firebrick\firebrick\debug\minion.obj
c:\users\jack smurthwaite\desktop\firebrick\firebrick\debug\player.obj
c:\users\jack smurthwaite\desktop\firebrick\firebrick\debug\spell.obj
c:\users\jack smurthwaite\desktop\firebrick\firebrick\debug\sword.obj
c:\users\jack smurthwaite\desktop\firebrick\firebrick\debug\trample.obj
c:\users\jack smurthwaite\desktop\firebrick\firebrick\debug\vampire.obj
c:\users\jack smurthwaite\desktop\firebrick\firebrick\debug\wall.obj
c:\users\jack smurthwaite\desktop\firebrick\debug\firebrick.ilk
c:\users\jack smurthwaite\desktop\firebrick\debug\firebrick.exe
c:\users\jack smurthwaite\desktop\firebrick\debug\firebrick.pdb
d:\recovered data\documents\uni\year 2\advanced programming with c++\firebrick\firebrick\debug\armour.obj
d:\recovered data\documents\uni\year 2\advanced programming with c++\firebrick\firebrick\debug\bless.obj
d:\recovered data\documents\uni\year 2\advanced programming with c++\firebrick\firebrick\debug\card.obj
d:\recovered data\documents\uni\year 2\advanced programming with c++\firebrick\firebrick\debug\fireball.obj
d:\recovered data\documents\uni\year 2\advanced programming with c++\firebrick\firebrick\debug\firebrick.obj
d:\recovered data\documents\uni\year 2\advanced programming with c++\firebrick\firebrick\debug\game.obj
d:\recovered data\documents\uni\year 2\advanced programming with c++\firebrick\firebrick\debug\horde.obj
d:\recovered data\documents\uni\year 2\advanced programming with c++\firebrick\firebrick\debug\leech.obj
d:\recovered data\documents\uni\year 2\advanced programming with c++\firebrick\firebrick\debug\lightning.obj
d:\recovered data\documents\uni\year 2\advanced programming with c++\firebrick\firebrick\debug\minion.obj
d:\recovered data\documents\uni\year 2\advanced programming with c++\firebrick\firebrick\debug\player.obj
d:\recovered data\documents\uni\year 2\advanced programming with c++\firebrick\firebrick\debug\spell.obj
d:\recovered data\documents\uni\year 2\advanced programming with c++\firebrick\firebrick\debug\stdafx.obj
d:\recovered data\documents\uni\year 2\advanced programming with c++\firebrick\firebrick\debug\sword.obj
d:\recovered data\documents\uni\year 2\advanced programming with c++\firebrick\firebrick\debug\trample.obj
d:\recovered data\documents\uni\year 2\advanced programming with c++\firebrick\firebrick\debug\vampire.obj
d:\recovered data\documents\uni\year 2\advanced programming with c++\firebrick\firebrick\debug\wall.obj
d:\recovered data\documents\uni\year 2\advanced programming with c++\firebrick\firebrick\debug\vc140.idb
d:\recovered data\documents\uni\year 2\advanced programming with c++\firebrick\firebrick\debug\vc142.idb
d:\recovered data\documents\uni\year 2\advanced programming with c++\firebrick\firebrick\debug\vc140.pdb
d:\recovered data\documents\uni\year 2\advanced programming with c++\firebrick\firebrick\debug\vc142.pdb
d:\recovered data\documents\uni\year 2\advanced programming with c++\firebrick\debug\firebrick.pdb
d:\recovered data\documents\uni\year 2\advanced programming with c++\firebrick\debug\firebrick.exe
d:\recovered data\documents\uni\year 2\advanced programming with c++\firebrick\debug\firebrick.ilk
d:\recovered data\documents\uni\year 2\advanced programming with c++\firebrick\firebrick\debug\firebrick.tlog\cl.command.1.tlog
d:\recovered data\documents\uni\year 2\advanced programming with c++\firebrick\firebrick\debug\firebrick.tlog\cl.read.1.tlog
d:\recovered data\documents\uni\year 2\advanced programming with c++\firebrick\firebrick\debug\firebrick.tlog\cl.write.1.tlog
d:\recovered data\documents\uni\year 2\advanced programming with c++\firebrick\firebrick\debug\firebrick.tlog\link.command.1.tlog
d:\recovered data\documents\uni\year 2\advanced programming with c++\firebrick\firebrick\debug\firebrick.tlog\link.read.1.tlog
d:\recovered data\documents\uni\year 2\advanced programming with c++\firebrick\firebrick\debug\firebrick.tlog\link.write.1.tlog
