c:\users\jack smurthwaite\desktop\firebrick\firebrick\release\firebrick.pch
c:\users\jack smurthwaite\desktop\firebrick\firebrick\release\vc140.pdb
c:\users\jack smurthwaite\desktop\firebrick\firebrick\release\stdafx.obj
c:\users\jack smurthwaite\desktop\firebrick\firebrick\release\wall.obj
c:\users\jack smurthwaite\desktop\firebrick\firebrick\release\vampire.obj
c:\users\jack smurthwaite\desktop\firebrick\firebrick\release\trample.obj
c:\users\jack smurthwaite\desktop\firebrick\firebrick\release\sword.obj
c:\users\jack smurthwaite\desktop\firebrick\firebrick\release\spell.obj
c:\users\jack smurthwaite\desktop\firebrick\firebrick\release\player.obj
c:\users\jack smurthwaite\desktop\firebrick\firebrick\release\minion.obj
c:\users\jack smurthwaite\desktop\firebrick\firebrick\release\lightning.obj
c:\users\jack smurthwaite\desktop\firebrick\firebrick\release\leech.obj
c:\users\jack smurthwaite\desktop\firebrick\firebrick\release\horde.obj
c:\users\jack smurthwaite\desktop\firebrick\firebrick\release\game.obj
c:\users\jack smurthwaite\desktop\firebrick\firebrick\release\firebrick.obj
c:\users\jack smurthwaite\desktop\firebrick\firebrick\release\fireball.obj
c:\users\jack smurthwaite\desktop\firebrick\firebrick\release\card.obj
c:\users\jack smurthwaite\desktop\firebrick\firebrick\release\bless.obj
c:\users\jack smurthwaite\desktop\firebrick\firebrick\release\armour.obj
c:\users\jack smurthwaite\desktop\firebrick\release\firebrick.exe
c:\users\jack smurthwaite\desktop\firebrick\release\firebrick.ipdb
c:\users\jack smurthwaite\desktop\firebrick\release\firebrick.iobj
c:\users\jack smurthwaite\desktop\firebrick\release\firebrick.pdb
c:\users\jack smurthwaite\desktop\firebrick\firebrick\release\firebrick.tlog\cl.command.1.tlog
c:\users\jack smurthwaite\desktop\firebrick\firebrick\release\firebrick.tlog\cl.read.1.tlog
c:\users\jack smurthwaite\desktop\firebrick\firebrick\release\firebrick.tlog\cl.write.1.tlog
c:\users\jack smurthwaite\desktop\firebrick\firebrick\release\firebrick.tlog\link.command.1.tlog
c:\users\jack smurthwaite\desktop\firebrick\firebrick\release\firebrick.tlog\link.read.1.tlog
c:\users\jack smurthwaite\desktop\firebrick\firebrick\release\firebrick.tlog\link.write.1.tlog
